<html>
<head>
<title>TestNG:  Command line test</title>
<link href="../testng.css" rel="stylesheet" type="text/css" />
<link href="../my-testng.css" rel="stylesheet" type="text/css" />

<style type="text/css">
.log { display: none;} 
.stack-trace { display: none;} 
</style>
<script type="text/javascript">
<!--
function flip(e) {
  current = e.style.display;
  if (current == 'block') {
    e.style.display = 'none';
    return 0;
  }
  else {
    e.style.display = 'block';
    return 1;
  }
}

function toggleBox(szDivId, elem, msg1, msg2)
{
  var res = -1;  if (document.getElementById) {
    res = flip(document.getElementById(szDivId));
  }
  else if (document.all) {
    // this is the way old msie versions work
    res = flip(document.all[szDivId]);
  }
  if(elem) {
    if(res == 0) elem.innerHTML = msg1; else elem.innerHTML = msg2;
  }

}

function toggleAllBoxes() {
  if (document.getElementsByTagName) {
    d = document.getElementsByTagName('div');
    for (i = 0; i < d.length; i++) {
      if (d[i].className == 'log') {
        flip(d[i]);
      }
    }
  }
}

// -->
</script>

</head>
<body>
<h2 align='center'>Command line test</h2><table border='1' align="center">
<tr>
<td>Tests passed/Failed/Skipped:</td><td>0/0/9</td>
</tr><tr>
<td>Started on:</td><td>Mon Sep 25 11:11:42 IST 2017</td>
</tr>
<tr><td>Total time:</td><td>0 seconds (37 ms)</td>
</tr><tr>
<td>Included groups:</td><td></td>
</tr><tr>
<td>Excluded groups:</td><td></td>
</tr>
</table><p/>
<small><i>(Hover the method name to see the test class name)</i></small><p/>
<table width='100%' border='1' class='invocation-failed'>
<tr><td colspan='4' align='center'><b>FAILED CONFIGURATIONS</b></td></tr>
<tr><td><b>Test method</b></td>
<td width="30%"><b>Exception</b></td>
<td width="10%"><b>Time (seconds)</b></td>
<td><b>Instance</b></td>
</tr>
<tr>
<td title='com.tests.ProductPageTest.initializeTestBaseSetup()'><b>initializeTestBaseSetup</b><br>Test class: com.tests.ProductPageTest</td>
<td><div><pre>org.testng.TestNGException: 
Parameter &apos;browserType&apos; is required by @Configuration on method initializeTestBaseSetup but has not been marked @Optional or defined

... Removed 31 stack frames</pre></div><a href='#' onClick='toggleBox("stack-trace10781812", this, "Click to show all stack frames", "Click to hide stack frames")'>Click to show all stack frames</a>
<div class='stack-trace' id='stack-trace10781812'><pre>org.testng.TestNGException: 
Parameter &apos;browserType&apos; is required by @Configuration on method initializeTestBaseSetup but has not been marked @Optional or defined

	at org.testng.internal.Parameters.createParameters(Parameters.java:154)
	at org.testng.internal.Parameters.createParameters(Parameters.java:361)
	at org.testng.internal.Parameters.createConfigurationParameters(Parameters.java:84)
	at org.testng.internal.Invoker.invokeConfigurations(Invoker.java:201)
	at org.testng.internal.Invoker.invokeConfigurations(Invoker.java:142)
	at org.testng.internal.TestMethodWorker.invokeBeforeClassMethods(TestMethodWorker.java:178)
	at org.testng.internal.TestMethodWorker.run(TestMethodWorker.java:108)
	at org.testng.TestRunner.privateRun(TestRunner.java:782)
	at org.testng.TestRunner.run(TestRunner.java:632)
	at org.testng.SuiteRunner.runTest(SuiteRunner.java:366)
	at org.testng.SuiteRunner.runSequentially(SuiteRunner.java:361)
	at org.testng.SuiteRunner.privateRun(SuiteRunner.java:319)
	at org.testng.SuiteRunner.run(SuiteRunner.java:268)
	at org.testng.SuiteRunnerWorker.runSuite(SuiteRunnerWorker.java:52)
	at org.testng.SuiteRunnerWorker.run(SuiteRunnerWorker.java:86)
	at org.testng.TestNG.runSuitesSequentially(TestNG.java:1244)
	at org.testng.TestNG.runSuitesLocally(TestNG.java:1169)
	at org.testng.TestNG.run(TestNG.java:1064)
	at org.apache.maven.surefire.testng.TestNGExecutor.run(TestNGExecutor.java:77)
	at org.apache.maven.surefire.testng.TestNGDirectoryTestSuite.executeMulti(TestNGDirectoryTestSuite.java:159)
	at org.apache.maven.surefire.testng.TestNGDirectoryTestSuite.execute(TestNGDirectoryTestSuite.java:99)
	at org.apache.maven.surefire.testng.TestNGProvider.invoke(TestNGProvider.java:106)
	at sun.reflect.NativeMethodAccessorImpl.invoke0(Native Method)
	at sun.reflect.NativeMethodAccessorImpl.invoke(NativeMethodAccessorImpl.java:62)
	at sun.reflect.DelegatingMethodAccessorImpl.invoke(DelegatingMethodAccessorImpl.java:43)
	at java.lang.reflect.Method.invoke(Method.java:497)
	at org.apache.maven.surefire.util.ReflectionUtils.invokeMethodWithArray(ReflectionUtils.java:189)
	at org.apache.maven.surefire.booter.ProviderFactory$ProviderProxy.invoke(ProviderFactory.java:165)
	at org.apache.maven.surefire.booter.ProviderFactory.invokeProvider(ProviderFactory.java:85)
	at org.apache.maven.surefire.booter.ForkedBooter.runSuitesInProcess(ForkedBooter.java:115)
	at org.apache.maven.surefire.booter.ForkedBooter.main(ForkedBooter.java:75)
</pre></div></td>
<td>0</td>
<td>com.tests.ProductPageTest@1fee20c</td></tr>
</table><p>
<table width='100%' border='1' class='invocation-skipped'>
<tr><td colspan='4' align='center'><b>SKIPPED CONFIGURATIONS</b></td></tr>
<tr><td><b>Test method</b></td>
<td width="30%"><b>Exception</b></td>
<td width="10%"><b>Time (seconds)</b></td>
<td><b>Instance</b></td>
</tr>
<tr>
<td title='com.tests.ProductPageTest.setUp()'><b>setUp</b><br>Test class: com.tests.ProductPageTest</td>
<td></td>
<td>0</td>
<td>com.tests.ProductPageTest@1fee20c</td></tr>
<tr>
<td title='com.tests.GalleryPageTest.initializeTestBaseSetup()'><b>initializeTestBaseSetup</b><br>Test class: com.tests.GalleryPageTest</td>
<td></td>
<td>0</td>
<td>com.tests.GalleryPageTest@616ca2</td></tr>
<tr>
<td title='com.tests.GalleryPageTest.setUp()'><b>setUp</b><br>Test class: com.tests.GalleryPageTest</td>
<td></td>
<td>0</td>
<td>com.tests.GalleryPageTest@616ca2</td></tr>
<tr>
<td title='com.tests.GalleryPageTest.tearDown()'><b>tearDown</b><br>Test class: com.tests.GalleryPageTest</td>
<td></td>
<td>0</td>
<td>com.tests.GalleryPageTest@616ca2</td></tr>
<tr>
<td title='com.tests.ProductPageTest.tearDown()'><b>tearDown</b><br>Test class: com.tests.ProductPageTest</td>
<td></td>
<td>0</td>
<td>com.tests.ProductPageTest@1fee20c</td></tr>
</table><p>
<table width='100%' border='1' class='invocation-skipped'>
<tr><td colspan='4' align='center'><b>SKIPPED TESTS</b></td></tr>
<tr><td><b>Test method</b></td>
<td width="30%"><b>Exception</b></td>
<td width="10%"><b>Time (seconds)</b></td>
<td><b>Instance</b></td>
</tr>
<tr>
<td title='com.tests.GalleryPageTest.clickonFBSharebtn()'><b>clickonFBSharebtn</b><br>Test class: com.tests.GalleryPageTest<br>Test method: Test Case-2:click on facebook share button</td>
<td></td>
<td>0</td>
<td>com.tests.GalleryPageTest@616ca2</td></tr>
<tr>
<td title='com.tests.ProductPageTest.clickonFBSharebtn()'><b>clickonFBSharebtn</b><br>Test class: com.tests.ProductPageTest<br>Test method: Test Case-2:click on facebook share button</td>
<td></td>
<td>0</td>
<td>com.tests.ProductPageTest@1fee20c</td></tr>
<tr>
<td title='com.tests.ProductPageTest.clickonTweetbtn()'><b>clickonTweetbtn</b><br>Test class: com.tests.ProductPageTest<br>Test method: Test Case-5:click on twitter share button</td>
<td></td>
<td>0</td>
<td>com.tests.ProductPageTest@1fee20c</td></tr>
<tr>
<td title='com.tests.GalleryPageTest.facebookLogin()'><b>facebookLogin</b><br>Test class: com.tests.GalleryPageTest<br>Test method: Test Case-2:facebook Login</td>
<td></td>
<td>0</td>
<td>com.tests.GalleryPageTest@616ca2</td></tr>
<tr>
<td title='com.tests.GalleryPageTest.facebookShare()'><b>facebookShare</b><br>Test class: com.tests.GalleryPageTest<br>Test method: Test Case-2:facebook Share</td>
<td></td>
<td>0</td>
<td>com.tests.GalleryPageTest@616ca2</td></tr>
<tr>
<td title='com.tests.ProductPageTest.facebooklogin()'><b>facebooklogin</b><br>Test class: com.tests.ProductPageTest<br>Test method: Test Case-3:facebook Login</td>
<td></td>
<td>0</td>
<td>com.tests.ProductPageTest@1fee20c</td></tr>
<tr>
<td title='com.tests.ProductPageTest.facebookshare()'><b>facebookshare</b><br>Test class: com.tests.ProductPageTest<br>Test method: Test Case-4:facebook Share</td>
<td></td>
<td>0</td>
<td>com.tests.ProductPageTest@1fee20c</td></tr>
<tr>
<td title='com.tests.ProductPageTest.twittershare()'><b>twittershare</b><br>Test class: com.tests.ProductPageTest<br>Test method: Test Case-5:Twitter Share</td>
<td></td>
<td>0</td>
<td>com.tests.ProductPageTest@1fee20c</td></tr>
<tr>
<td title='com.tests.ProductPageTest.viewImagePopup_p()'><b>viewImagePopup_p</b><br>Test class: com.tests.ProductPageTest<br>Test method: Test Case-1:View Product page Image pop up</td>
<td></td>
<td>0</td>
<td>com.tests.ProductPageTest@1fee20c</td></tr>
</table><p>
</body>
</html>