<?xml version="1.0" encoding="UTF-8"?>
<!-- Generated by org.testng.reporters.JUnitXMLReporter -->
<testsuite hostname="G5-PC" name="Command line test" tests="9" failures="0" timestamp="25 Sep 2017 05:41:42 GMT" time="0.037" errors="0">
  <testcase name="@BeforeClass initializeTestBaseSetup" time="0.0" classname="com.tests.ProductPageTest">
    <failure type="org.testng.TestNGException" message="
Parameter &amp;apos;browserType&amp;apos; is required by @Configuration on method initializeTestBaseSetup but has not been marked @Optional or defined
">
      <![CDATA[org.testng.TestNGException: 
Parameter 'browserType' is required by @Configuration on method initializeTestBaseSetup but has not been marked @Optional or defined

... Removed 31 stack frames]]>
    </failure>
  </testcase> <!-- @BeforeClass initializeTestBaseSetup -->
  <testcase name="@BeforeClass setUp" time="0.0" classname="com.tests.ProductPageTest">
    <skipped/>
  </testcase> <!-- @BeforeClass setUp -->
  <testcase name="@BeforeClass initializeTestBaseSetup" time="0.0" classname="com.tests.GalleryPageTest">
    <skipped/>
  </testcase> <!-- @BeforeClass initializeTestBaseSetup -->
  <testcase name="@BeforeClass setUp" time="0.0" classname="com.tests.GalleryPageTest">
    <skipped/>
  </testcase> <!-- @BeforeClass setUp -->
  <testcase name="@AfterClass tearDown" time="0.0" classname="com.tests.GalleryPageTest">
    <skipped/>
  </testcase> <!-- @AfterClass tearDown -->
  <testcase name="@AfterClass tearDown" time="0.0" classname="com.tests.ProductPageTest">
    <skipped/>
  </testcase> <!-- @AfterClass tearDown -->
  <testcase name="viewImagePopup_p" time="0.004" classname="com.tests.ProductPageTest">
    <skipped/>
  </testcase> <!-- viewImagePopup_p -->
  <testcase name="clickonFBSharebtn" time="0.0" classname="com.tests.GalleryPageTest">
    <skipped/>
  </testcase> <!-- clickonFBSharebtn -->
  <testcase name="clickonFBSharebtn" time="0.0" classname="com.tests.ProductPageTest">
    <skipped/>
  </testcase> <!-- clickonFBSharebtn -->
  <testcase name="facebookLogin" time="0.0" classname="com.tests.GalleryPageTest">
    <skipped/>
  </testcase> <!-- facebookLogin -->
  <testcase name="facebooklogin" time="0.0" classname="com.tests.ProductPageTest">
    <skipped/>
  </testcase> <!-- facebooklogin -->
  <testcase name="facebookShare" time="0.0" classname="com.tests.GalleryPageTest">
    <skipped/>
  </testcase> <!-- facebookShare -->
  <testcase name="facebookshare" time="0.0" classname="com.tests.ProductPageTest">
    <skipped/>
  </testcase> <!-- facebookshare -->
  <testcase name="clickonTweetbtn" time="0.0" classname="com.tests.ProductPageTest">
    <skipped/>
  </testcase> <!-- clickonTweetbtn -->
  <testcase name="twittershare" time="0.0" classname="com.tests.ProductPageTest">
    <skipped/>
  </testcase> <!-- twittershare -->
</testsuite> <!-- Command line test -->
