<?xml version="1.0" encoding="UTF-8"?>
<!-- Generated by org.testng.reporters.JUnitXMLReporter -->
<testsuite hostname="comp-2" name="ChromeTest" tests="4" failures="1" timestamp="20 Jun 2016 08:38:36 GMT" time="199.25" errors="0">
  <testcase name="viewImagePopup_p" time="85.714" classname="com.tests.ProductPageTest"/>
  <testcase name="clickonFBSharebtn" time="15.292" classname="com.tests.ProductPageTest"/>
  <testcase name="facebooklogin" time="2.57" classname="com.tests.ProductPageTest"/>
  <testcase name="facebookshare" time="30.101" classname="com.tests.ProductPageTest">
    <failure type="org.openqa.selenium.TimeoutException" message="Timed out after 30 seconds waiting for number of open windows to be 1
Build info: version: &amp;apos;2.52.0&amp;apos;, revision: &amp;apos;4c2593cfc3689a7fcd7be52549167e5ccc93ad28&amp;apos;, time: &amp;apos;2016-02-11 11:22:43&amp;apos;
System info: host: &amp;apos;comp-2&amp;apos;, ip: &amp;apos;192.168.101.61&amp;apos;, os.name: &amp;apos;Windows 7&amp;apos;, os.arch: &amp;apos;x86&amp;apos;, os.version: &amp;apos;6.1&amp;apos;, java.version: &amp;apos;1.8.0_91&amp;apos;
Driver info: org.openqa.selenium.chrome.ChromeDriver
Capabilities [{applicationCacheEnabled=false, rotatable=false, mobileEmulationEnabled=false, chrome={chromedriverVersion=2.21.371459 (36d3d07f660ff2bc1bf28a75d1cdabed0983e7c4), userDataDir=C:\Users\bmane\AppData\Local\Temp\scoped_dir5196_11011}, takesHeapSnapshot=true, databaseEnabled=false, handlesAlerts=true, hasTouchScreen=false, version=51.0.2704.103, platform=XP, browserConnectionEnabled=false, nativeEvents=true, acceptSslCerts=true, locationContextEnabled=true, webStorageEnabled=true, browserName=chrome, takesScreenshot=true, javascriptEnabled=true, cssSelectorsEnabled=true}]
Session ID: 01311fc8bdb99fa8b334156f1723f71d">
      <![CDATA[org.openqa.selenium.TimeoutException: Timed out after 30 seconds waiting for number of open windows to be 1
Build info: version: '2.52.0', revision: '4c2593cfc3689a7fcd7be52549167e5ccc93ad28', time: '2016-02-11 11:22:43'
System info: host: 'comp-2', ip: '192.168.101.61', os.name: 'Windows 7', os.arch: 'x86', os.version: '6.1', java.version: '1.8.0_91'
Driver info: org.openqa.selenium.chrome.ChromeDriver
Capabilities [{applicationCacheEnabled=false, rotatable=false, mobileEmulationEnabled=false, chrome={chromedriverVersion=2.21.371459 (36d3d07f660ff2bc1bf28a75d1cdabed0983e7c4), userDataDir=C:\Users\bmane\AppData\Local\Temp\scoped_dir5196_11011}, takesHeapSnapshot=true, databaseEnabled=false, handlesAlerts=true, hasTouchScreen=false, version=51.0.2704.103, platform=XP, browserConnectionEnabled=false, nativeEvents=true, acceptSslCerts=true, locationContextEnabled=true, webStorageEnabled=true, browserName=chrome, takesScreenshot=true, javascriptEnabled=true, cssSelectorsEnabled=true}]
Session ID: 01311fc8bdb99fa8b334156f1723f71d
	at org.openqa.selenium.support.ui.WebDriverWait.timeoutException(WebDriverWait.java:80)
	at org.openqa.selenium.support.ui.FluentWait.until(FluentWait.java:261)
	at com.pageObjects.ProductPage.fbshare(ProductPage.java:88)
	at com.tests.ProductPageTest.facebookshare(ProductPageTest.java:52)
... Removed 24 stack frames]]>
    </failure>
  </testcase> <!-- facebookshare -->
</testsuite> <!-- ChromeTest -->
