<?xml version="1.0" encoding="UTF-8"?>
<testng-results skipped="0" failed="1" total="6" passed="5">
  <reporter-output>
  </reporter-output>
  <suite name="DeliasVisualCommerce" duration-ms="143562" started-at="2016-06-20T13:14:21Z" finished-at="2016-06-20T13:16:44Z">
    <groups>
    </groups>
    <test name="FirefoxTest" duration-ms="143562" started-at="2016-06-20T13:14:21Z" finished-at="2016-06-20T13:16:44Z">
      <class name="com.tests.ProductPageTest">
        <test-method status="PASS" signature="initializeTestBaseSetup(java.lang.String, java.lang.String)[pri:0, instance:com.tests.ProductPageTest@1bb089b]" name="initializeTestBaseSetup" is-config="true" duration-ms="31404" started-at="2016-06-20T18:44:21Z" finished-at="2016-06-20T18:44:52Z">
          <params>
            <param index="0">
              <value>
                <![CDATA[firefox]]>
              </value>
            </param>
            <param index="1">
              <value>
                <![CDATA[https://www.murad.com/muradskincare]]>
              </value>
            </param>
          </params>
          <reporter-output>
          </reporter-output>
        </test-method> <!-- initializeTestBaseSetup -->
        <test-method status="PASS" signature="setUp()[pri:0, instance:com.tests.ProductPageTest@1bb089b]" name="setUp" is-config="true" duration-ms="1" started-at="2016-06-20T18:44:52Z" finished-at="2016-06-20T18:44:52Z">
          <reporter-output>
          </reporter-output>
        </test-method> <!-- setUp -->
        <test-method status="PASS" signature="viewImagePopup_p()[pri:0, instance:com.tests.ProductPageTest@1bb089b]" name="viewImagePopup_p" duration-ms="33695" started-at="2016-06-20T18:44:52Z" description="Test Case-1:View Product page Image pop up" finished-at="2016-06-20T18:45:26Z">
          <reporter-output>
          </reporter-output>
        </test-method> <!-- viewImagePopup_p -->
        <test-method status="PASS" signature="clickonFBSharebtn()[pri:1, instance:com.tests.ProductPageTest@1bb089b]" name="clickonFBSharebtn" duration-ms="9053" started-at="2016-06-20T18:45:26Z" description="Test Case-2:click on facebook share button" finished-at="2016-06-20T18:45:35Z">
          <reporter-output>
          </reporter-output>
        </test-method> <!-- clickonFBSharebtn -->
        <test-method status="FAIL" signature="facebooklogin()[pri:2, instance:com.tests.ProductPageTest@1bb089b]" name="facebooklogin" duration-ms="11871" started-at="2016-06-20T18:45:35Z" description="Test Case-3:facebook Login" finished-at="2016-06-20T18:45:47Z">
          <exception class="org.openqa.selenium.NoSuchWindowException">
            <message>
              <![CDATA[Window not found. The browser window may have been closed.
Command duration or timeout: 33 milliseconds
Build info: version: '2.53.0', revision: '35ae25b1534ae328c771e0856c93e187490ca824', time: '2016-03-15 10:43:46'
System info: host: 'comp-2', ip: '192.168.101.61', os.name: 'Windows 7', os.arch: 'x86', os.version: '6.1', java.version: '1.8.0_91'
Driver info: org.openqa.selenium.firefox.FirefoxDriver
Capabilities [{applicationCacheEnabled=true, rotatable=false, handlesAlerts=true, databaseEnabled=true, version=31.0, platform=WINDOWS, nativeEvents=false, acceptSslCerts=true, webStorageEnabled=true, locationContextEnabled=true, browserName=firefox, takesScreenshot=true, javascriptEnabled=true, cssSelectorsEnabled=true}]
Session ID: 1ac0c6b4-ffb2-43ff-a437-7affe368fefc]]>
            </message>
            <full-stacktrace>
              <![CDATA[org.openqa.selenium.NoSuchWindowException: Window not found. The browser window may have been closed.
Command duration or timeout: 33 milliseconds
Build info: version: '2.53.0', revision: '35ae25b1534ae328c771e0856c93e187490ca824', time: '2016-03-15 10:43:46'
System info: host: 'comp-2', ip: '192.168.101.61', os.name: 'Windows 7', os.arch: 'x86', os.version: '6.1', java.version: '1.8.0_91'
Driver info: org.openqa.selenium.firefox.FirefoxDriver
Capabilities [{applicationCacheEnabled=true, rotatable=false, handlesAlerts=true, databaseEnabled=true, version=31.0, platform=WINDOWS, nativeEvents=false, acceptSslCerts=true, webStorageEnabled=true, locationContextEnabled=true, browserName=firefox, takesScreenshot=true, javascriptEnabled=true, cssSelectorsEnabled=true}]
Session ID: 1ac0c6b4-ffb2-43ff-a437-7affe368fefc
	at sun.reflect.NativeConstructorAccessorImpl.newInstance0(Native Method)
	at sun.reflect.NativeConstructorAccessorImpl.newInstance(Unknown Source)
	at sun.reflect.DelegatingConstructorAccessorImpl.newInstance(Unknown Source)
	at java.lang.reflect.Constructor.newInstance(Unknown Source)
	at org.openqa.selenium.remote.ErrorHandler.createThrowable(ErrorHandler.java:206)
	at org.openqa.selenium.remote.ErrorHandler.throwIfResponseFailed(ErrorHandler.java:158)
	at org.openqa.selenium.remote.RemoteWebDriver.execute(RemoteWebDriver.java:678)
	at org.openqa.selenium.firefox.FirefoxDriver.access$100(FirefoxDriver.java:65)
	at org.openqa.selenium.firefox.FirefoxDriver$1$1.implicitlyWait(FirefoxDriver.java:244)
	at com.pageObjects.ProductPage.fblogin(ProductPage.java:86)
	at com.tests.ProductPageTest.facebooklogin(ProductPageTest.java:46)
	at sun.reflect.NativeMethodAccessorImpl.invoke0(Native Method)
	at sun.reflect.NativeMethodAccessorImpl.invoke(Unknown Source)
	at sun.reflect.DelegatingMethodAccessorImpl.invoke(Unknown Source)
	at java.lang.reflect.Method.invoke(Unknown Source)
	at org.testng.internal.MethodInvocationHelper.invokeMethod(MethodInvocationHelper.java:86)
	at org.testng.internal.Invoker.invokeMethod(Invoker.java:643)
	at org.testng.internal.Invoker.invokeTestMethod(Invoker.java:820)
	at org.testng.internal.Invoker.invokeTestMethods(Invoker.java:1128)
	at org.testng.internal.TestMethodWorker.invokeTestMethods(TestMethodWorker.java:129)
	at org.testng.internal.TestMethodWorker.run(TestMethodWorker.java:112)
	at org.testng.TestRunner.privateRun(TestRunner.java:782)
	at org.testng.TestRunner.run(TestRunner.java:632)
	at org.testng.SuiteRunner.runTest(SuiteRunner.java:366)
	at org.testng.SuiteRunner.runSequentially(SuiteRunner.java:361)
	at org.testng.SuiteRunner.privateRun(SuiteRunner.java:319)
	at org.testng.SuiteRunner.run(SuiteRunner.java:268)
	at org.testng.SuiteRunnerWorker.runSuite(SuiteRunnerWorker.java:52)
	at org.testng.SuiteRunnerWorker.run(SuiteRunnerWorker.java:86)
	at org.testng.TestNG.runSuitesSequentially(TestNG.java:1244)
	at org.testng.TestNG.runSuitesLocally(TestNG.java:1169)
	at org.testng.TestNG.run(TestNG.java:1064)
	at org.testng.remote.RemoteTestNG.run(RemoteTestNG.java:113)
	at org.testng.remote.RemoteTestNG.initAndRun(RemoteTestNG.java:206)
	at org.testng.remote.RemoteTestNG.main(RemoteTestNG.java:177)
Caused by: org.openqa.selenium.NoSuchWindowException: Window not found. The browser window may have been closed.
Build info: version: '2.53.0', revision: '35ae25b1534ae328c771e0856c93e187490ca824', time: '2016-03-15 10:43:46'
System info: host: 'comp-2', ip: '192.168.101.61', os.name: 'Windows 7', os.arch: 'x86', os.version: '6.1', java.version: '1.8.0_91'
Driver info: driver.version: unknown
	at <anonymous class>.nsCommandProcessor.prototype.execute(file:///C:/Users/bmane/AppData/Local/Temp/anonymous2528899651463067032webdriver-profile/extensions/fxdriver@googlecode.com/components/command-processor.js:12715)
	at <anonymous class>.Dispatcher.executeAs/<(file:///C:/Users/bmane/AppData/Local/Temp/anonymous2528899651463067032webdriver-profile/extensions/fxdriver@googlecode.com/components/driver-component.js:9558)
	at <anonymous class>.Resource.prototype.handle(file:///C:/Users/bmane/AppData/Local/Temp/anonymous2528899651463067032webdriver-profile/extensions/fxdriver@googlecode.com/components/driver-component.js:9705)
	at <anonymous class>.Dispatcher.prototype.dispatch(file:///C:/Users/bmane/AppData/Local/Temp/anonymous2528899651463067032webdriver-profile/extensions/fxdriver@googlecode.com/components/driver-component.js:9652)
	at <anonymous class>.WebDriverServer/<.handle(file:///C:/Users/bmane/AppData/Local/Temp/anonymous2528899651463067032webdriver-profile/extensions/fxdriver@googlecode.com/components/driver-component.js:12517)
	at <anonymous class>.createHandlerFunc/<(file:///C:/Users/bmane/AppData/Local/Temp/anonymous2528899651463067032webdriver-profile/extensions/fxdriver@googlecode.com/components/httpd.js:2054)
	at <anonymous class>.ServerHandler.prototype.handleResponse(file:///C:/Users/bmane/AppData/Local/Temp/anonymous2528899651463067032webdriver-profile/extensions/fxdriver@googlecode.com/components/httpd.js:2387)
	at <anonymous class>.Connection.prototype.process(file:///C:/Users/bmane/AppData/Local/Temp/anonymous2528899651463067032webdriver-profile/extensions/fxdriver@googlecode.com/components/httpd.js:1223)
	at <anonymous class>.RequestReader.prototype._handleResponse(file:///C:/Users/bmane/AppData/Local/Temp/anonymous2528899651463067032webdriver-profile/extensions/fxdriver@googlecode.com/components/httpd.js:1677)
	at <anonymous class>.RequestReader.prototype._processBody(file:///C:/Users/bmane/AppData/Local/Temp/anonymous2528899651463067032webdriver-profile/extensions/fxdriver@googlecode.com/components/httpd.js:1525)
	at <anonymous class>.RequestReader.prototype.onInputStreamReady(file:///C:/Users/bmane/AppData/Local/Temp/anonymous2528899651463067032webdriver-profile/extensions/fxdriver@googlecode.com/components/httpd.js:1393)
]]>
            </full-stacktrace>
          </exception> <!-- org.openqa.selenium.NoSuchWindowException -->
          <reporter-output>
          </reporter-output>
        </test-method> <!-- facebooklogin -->
        <test-method status="PASS" signature="facebookshare()[pri:3, instance:com.tests.ProductPageTest@1bb089b]" name="facebookshare" duration-ms="39413" started-at="2016-06-20T18:45:47Z" description="Test Case-4:facebook Share" finished-at="2016-06-20T18:46:26Z">
          <reporter-output>
          </reporter-output>
        </test-method> <!-- facebookshare -->
        <test-method status="PASS" signature="clickonTweetbtn()[pri:4, instance:com.tests.ProductPageTest@1bb089b]" name="clickonTweetbtn" duration-ms="4224" started-at="2016-06-20T18:46:26Z" description="Test Case-5:click on twitter share button" finished-at="2016-06-20T18:46:31Z">
          <reporter-output>
          </reporter-output>
        </test-method> <!-- clickonTweetbtn -->
        <test-method status="PASS" signature="twittershare()[pri:5, instance:com.tests.ProductPageTest@1bb089b]" name="twittershare" duration-ms="13838" started-at="2016-06-20T18:46:31Z" description="Test Case-5:Twitter Share" finished-at="2016-06-20T18:46:44Z">
          <reporter-output>
          </reporter-output>
        </test-method> <!-- twittershare -->
        <test-method status="PASS" signature="tearDown()[pri:0, instance:com.tests.ProductPageTest@1bb089b]" name="tearDown" is-config="true" duration-ms="1" started-at="2016-06-20T18:46:44Z" finished-at="2016-06-20T18:46:44Z">
          <reporter-output>
          </reporter-output>
        </test-method> <!-- tearDown -->
      </class> <!-- com.tests.ProductPageTest -->
    </test> <!-- FirefoxTest -->
  </suite> <!-- DeliasVisualCommerce -->
</testng-results>
